<?xml version="1.0" encoding="UTF-8"?>
<urlset xmlns="http://www.sitemaps.org/schemas/sitemap/0.9">
  <url>
    <loc>http://localhost:3000/test-products/product-1</loc>
    <lastmod>2023-04-06T12:32:37+00:00</lastmod>
    <changefreq>daily</changefreq>
    <priority>0.8</priority>
  </url>
  <url>
    <loc>http://localhost:3000/test-products/product-2</loc>
    <lastmod>2023-04-05T14:24:52+00:00</lastmod>
    <changefreq>weekly</changefreq>
    <priority>0.7</priority>
  </url>
  <url>
    <loc>http://localhost:3000/test-products/product-3</loc>
    <lastmod>2023-04-04T09:17:21+00:00</lastmod>
    <changefreq>weekly</changefreq>
    <priority>0.7</priority>
  </url>
  <url>
    <loc>http://localhost:3000/about-us</loc>
    <lastmod>2023-03-15T11:08:45+00:00</lastmod>
    <changefreq>monthly</changefreq>
    <priority>0.5</priority>
  </url>
  <url>
    <loc>http://localhost:3000/contact</loc>
    <lastmod>2023-03-12T10:42:13+00:00</lastmod>
    <changefreq>monthly</changefreq>
    <priority>0.5</priority>
  </url>
</urlset>