<?xml version="1.0" encoding="UTF-8"?>
<urlset xmlns="http://www.sitemaps.org/schemas/sitemap/0.9">
  <url>
    <loc>http://localhost:3000/test-products/product-4</loc>
    <lastmod>2023-04-06T12:32:37+00:00</lastmod>
    <priority>0.8</priority>
  </url>
  <url>
    <loc>http://localhost:3000/products/product-5</loc>
    <lastmod>2023-04-05T14:24:52+00:00</lastmod>
    <priority>0.7</priority>
  </url>
  <url>
    <loc>http://localhost:3000/products/product-6</loc>
    <lastmod>2023-04-04T09:17:21+00:00</lastmod>
    <priority>0.7</priority>
  </url>
</urlset>